<?xml version="1.0" encoding="UTF-8"?>
<!-- Generated by org.testng.reporters.JUnitReportReporter -->
<testsuite hostname="USER-PC" name="com.bdd.framework.runcukes.TestngRunner" tests="2" failures="0" timestamp="17 Oct 2015 21:54:14 GMT" time="6.234" errors="0">
  <testcase name="feature" time="4.267" classname="com.bdd.framework.runcukes.TestngRunner"/>
  <testcase name="feature" time="1.967" classname="com.bdd.framework.runcukes.TestngRunner"/>
</testsuite> <!-- com.bdd.framework.runcukes.TestngRunner -->
