<?xml version="1.0" encoding="UTF-8"?>
<!-- Generated by org.testng.reporters.JUnitReportReporter -->
<testsuite hostname="USER-PC" name="uk.co.automatictester.jwebfwk.runners.DownloadFeatureRunner_Copy" tests="2" failures="0" timestamp="17 Oct 2015 19:13:47 GMT" time="69.419" errors="0">
  <testcase name="feature" time="35.834" classname="uk.co.automatictester.jwebfwk.runners.DownloadFeatureRunner_Copy"/>
  <testcase name="feature" time="33.585" classname="uk.co.automatictester.jwebfwk.runners.DownloadFeatureRunner_Copy"/>
</testsuite> <!-- uk.co.automatictester.jwebfwk.runners.DownloadFeatureRunner_Copy -->
