<?xml version="1.0" encoding="UTF-8"?>
<!-- Generated by org.testng.reporters.JUnitReportReporter -->
<testsuite hostname="USER-PC" name="uk.co.automatictester.jwebfwk.runners.TestngRunner" tests="2" failures="0" timestamp="17 Oct 2015 19:16:10 GMT" time="69.798" errors="0">
  <testcase name="feature" time="35.105" classname="uk.co.automatictester.jwebfwk.runners.TestngRunner"/>
  <testcase name="feature" time="34.693" classname="uk.co.automatictester.jwebfwk.runners.TestngRunner"/>
</testsuite> <!-- uk.co.automatictester.jwebfwk.runners.TestngRunner -->
