<?xml version="1.0" encoding="UTF-8"?>
<!-- Generated by org.testng.reporters.JUnitReportReporter -->
<testsuite hostname="USER-PC" name="uk.co.automatictester.jwebfwk.runners.DownloadFeatureRunner" tests="1" failures="0" timestamp="17 Oct 2015 19:03:45 GMT" time="24.466" errors="0">
  <testcase name="feature" time="24.466" classname="uk.co.automatictester.jwebfwk.runners.DownloadFeatureRunner"/>
</testsuite> <!-- uk.co.automatictester.jwebfwk.runners.DownloadFeatureRunner -->
