<?xml version="1.0" encoding="UTF-8"?>
<!-- Generated by org.testng.reporters.JUnitReportReporter -->
<testsuite hostname="USER-PC" name="com.bdd.framework.runcukes.TestngRunner" tests="2" failures="0" timestamp="18 Oct 2015 18:00:54 GMT" time="5.001" errors="0">
  <testcase name="feature" time="1.506" classname="com.bdd.framework.runcukes.TestngRunner"/>
  <testcase name="feature" time="3.495" classname="com.bdd.framework.runcukes.TestngRunner"/>
</testsuite> <!-- com.bdd.framework.runcukes.TestngRunner -->
